<?xml version="1.0" encoding="UTF-8"?>
<!-- Generated by org.testng.reporters.JUnitReportReporter -->
<testsuite skipped="0" hostname="DESKTOP-N6RMJT6" name="com.lexicon.testcases.LoginTest" tests="1" failures="0" timestamp="2020-09-25T17:28:21 IST" time="38.847" errors="0">
  <testcase name="doLogin" time="38.847" classname="com.lexicon.testcases.LoginTest"/>
  <system-out/>
</testsuite> <!-- com.lexicon.testcases.LoginTest -->
